<?xml version="1.0" encoding="UTF-8"?>
<coverage generated="1546011851591" clover="3.2.0">
  <project timestamp="1546011851592" name="All files">
    <metrics statements="31" coveredstatements="31" conditionals="8" coveredconditionals="8" methods="10" coveredmethods="10" elements="49" coveredelements="49" complexity="0" loc="31" ncloc="31" packages="2" files="4" classes="4">
      <package name="src">
        <metrics statements="1" coveredstatements="1" conditionals="0" coveredconditionals="0" methods="1" coveredmethods="1"/>
        <file name="index.js" path="E:\work\2018\mes_test\src\index.js">
          <metrics statements="1" coveredstatements="1" conditionals="0" coveredconditionals="0" methods="1" coveredmethods="1"/>
          <line num="1" count="1" type="stmt"/>
        </file>
      </package>
      <package name="src.lib">
        <metrics statements="30" coveredstatements="30" conditionals="8" coveredconditionals="8" methods="9" coveredmethods="9"/>
        <file name="axios.js" path="E:\work\2018\mes_test\src\lib\axios.js">
          <metrics statements="20" coveredstatements="20" conditionals="5" coveredconditionals="5" methods="5" coveredmethods="5"/>
          <line num="2" count="2" type="stmt"/>
          <line num="3" count="2" type="stmt"/>
          <line num="5" count="2" type="stmt"/>
          <line num="7" count="2" type="stmt"/>
          <line num="25" count="2" type="stmt"/>
          <line num="26" count="3" type="stmt"/>
          <line num="33" count="2" type="stmt"/>
          <line num="34" count="3" type="stmt"/>
          <line num="38" count="3" type="stmt"/>
          <line num="44" count="3" type="stmt"/>
          <line num="45" count="3" type="cond" truecount="3" falsecount="0"/>
          <line num="48" count="1" type="stmt"/>
          <line num="49" count="1" type="stmt"/>
          <line num="51" count="2" type="stmt"/>
          <line num="53" count="3" type="stmt"/>
          <line num="57" count="2" type="stmt"/>
          <line num="59" count="1" type="stmt"/>
          <line num="60" count="1" type="stmt"/>
          <line num="61" count="1" type="stmt"/>
          <line num="69" count="2" type="stmt"/>
        </file>
        <file name="db.js" path="E:\work\2018\mes_test\src\lib\db.js">
          <metrics statements="3" coveredstatements="3" conditionals="0" coveredconditionals="0" methods="1" coveredmethods="1"/>
          <line num="1" count="1" type="stmt"/>
          <line num="8" count="1" type="stmt"/>
          <line num="9" count="1" type="stmt"/>
        </file>
        <file name="xml2js.js" path="E:\work\2018\mes_test\src\lib\xml2js.js">
          <metrics statements="7" coveredstatements="7" conditionals="3" coveredconditionals="3" methods="3" coveredmethods="3"/>
          <line num="1" count="1" type="stmt"/>
          <line num="2" count="1" type="cond" truecount="1" falsecount="0"/>
          <line num="3" count="2" type="stmt"/>
          <line num="4" count="2" type="stmt"/>
          <line num="5" count="2" type="cond" truecount="2" falsecount="0"/>
          <line num="6" count="1" type="stmt"/>
          <line num="8" count="1" type="stmt"/>
        </file>
      </package>
    </metrics>
  </project>
</coverage>
