{"C:\\Users\\musicool\\Downloads\\dev\\rep\\mes_test\\src\\index.js": {"path":"C:\\Users\\musicool\\Downloads\\dev\\rep\\mes_test\\src\\index.js","statementMap":{"0":{"start":{"line":1,"column":13},"end":{"line":1,"column":28}},"1":{"start":{"line":2,"column":13},"end":{"line":2,"column":28}},"2":{"start":{"line":3,"column":17},"end":{"line":3,"column":62}},"3":{"start":{"line":4,"column":19},"end":{"line":4,"column":51}},"4":{"start":{"line":5,"column":15},"end":{"line":5,"column":25}},"5":{"start":{"line":7,"column":0},"end":{"line":9,"column":1}},"6":{"start":{"line":8,"column":2},"end":{"line":8,"column":175}},"7":{"start":{"line":8,"column":35},"end":{"line":8,"column":173}},"8":{"start":{"line":8,"column":83},"end":{"line":8,"column":172}}},"fnMap":{"0":{"name":"(anonymous_0)","decl":{"start":{"line":7,"column":25},"end":{"line":7,"column":26}},"loc":{"start":{"line":7,"column":56},"end":{"line":9,"column":1}},"line":7},"1":{"name":"(anonymous_1)","decl":{"start":{"line":8,"column":25},"end":{"line":8,"column":26}},"loc":{"start":{"line":8,"column":35},"end":{"line":8,"column":173}},"line":8},"2":{"name":"(anonymous_2)","decl":{"start":{"line":8,"column":71},"end":{"line":8,"column":72}},"loc":{"start":{"line":8,"column":83},"end":{"line":8,"column":172}},"line":8}},"branchMap":{"0":{"loc":{"start":{"line":7,"column":40},"end":{"line":7,"column":51}},"type":"default-arg","locations":[{"start":{"line":7,"column":47},"end":{"line":7,"column":51}}],"line":7}},"s":{"0":1,"1":1,"2":1,"3":1,"4":1,"5":1,"6":1,"7":0,"8":0},"f":{"0":1,"1":0,"2":0},"b":{"0":[1]},"_coverageSchema":"332fd63041d2c1bcb487cc26dd0d5f7d97098a6c","hash":"77ee87a58ba90fc6dc9c88177829e7472eb4856b"}
}
