{"E:\\work\\2018\\mes_test\\src\\index.js": {"path":"E:\\work\\2018\\mes_test\\src\\index.js","statementMap":{"0":{"start":{"line":1,"column":0},"end":{"line":1,"column":32}},"1":{"start":{"line":1,"column":28},"end":{"line":1,"column":31}}},"fnMap":{"0":{"name":"(anonymous_0)","decl":{"start":{"line":1,"column":21},"end":{"line":1,"column":22}},"loc":{"start":{"line":1,"column":28},"end":{"line":1,"column":31}},"line":1}},"branchMap":{},"s":{"0":1,"1":1},"f":{"0":1},"b":{},"_coverageSchema":"332fd63041d2c1bcb487cc26dd0d5f7d97098a6c","hash":"499dedefec8160faaa06e23d2ea8f93c3ec7a8e1"}
,"E:\\work\\2018\\mes_test\\src\\lib\\axios.js": {"path":"E:\\work\\2018\\mes_test\\src\\lib\\axios.js","statementMap":{"0":{"start":{"line":2,"column":11},"end":{"line":2,"column":27}},"1":{"start":{"line":3,"column":9},"end":{"line":3,"column":22}},"2":{"start":{"line":5,"column":11},"end":{"line":5,"column":33}},"3":{"start":{"line":8,"column":14},"end":{"line":13,"column":18}},"4":{"start":{"line":9,"column":2},"end":{"line":13,"column":18}},"5":{"start":{"line":16,"column":12},"end":{"line":41,"column":1}},"6":{"start":{"line":17,"column":2},"end":{"line":19,"column":5}},"7":{"start":{"line":21,"column":2},"end":{"line":40,"column":30}},"8":{"start":{"line":27,"column":25},"end":{"line":27,"column":38}},"9":{"start":{"line":28,"column":10},"end":{"line":35,"column":11}},"10":{"start":{"line":31,"column":14},"end":{"line":31,"column":40}},"11":{"start":{"line":32,"column":14},"end":{"line":32,"column":20}},"12":{"start":{"line":34,"column":14},"end":{"line":34,"column":20}},"13":{"start":{"line":36,"column":10},"end":{"line":36,"column":22}},"14":{"start":{"line":40,"column":24},"end":{"line":40,"column":28}},"15":{"start":{"line":43,"column":0},"end":{"line":45,"column":2}}},"fnMap":{"0":{"name":"(anonymous_0)","decl":{"start":{"line":8,"column":14},"end":{"line":8,"column":15}},"loc":{"start":{"line":9,"column":2},"end":{"line":13,"column":18}},"line":9},"1":{"name":"(anonymous_1)","decl":{"start":{"line":16,"column":12},"end":{"line":16,"column":13}},"loc":{"start":{"line":16,"column":30},"end":{"line":41,"column":1}},"line":16},"2":{"name":"(anonymous_2)","decl":{"start":{"line":26,"column":8},"end":{"line":26,"column":9}},"loc":{"start":{"line":26,"column":23},"end":{"line":37,"column":9}},"line":26},"3":{"name":"(anonymous_3)","decl":{"start":{"line":40,"column":10},"end":{"line":40,"column":11}},"loc":{"start":{"line":40,"column":24},"end":{"line":40,"column":28}},"line":40}},"branchMap":{"0":{"loc":{"start":{"line":18,"column":12},"end":{"line":18,"column":34}},"type":"binary-expr","locations":[{"start":{"line":18,"column":12},"end":{"line":18,"column":25}},{"start":{"line":18,"column":29},"end":{"line":18,"column":34}}],"line":18},"1":{"loc":{"start":{"line":28,"column":10},"end":{"line":35,"column":11}},"type":"switch","locations":[{"start":{"line":29,"column":12},"end":{"line":29,"column":26}},{"start":{"line":30,"column":12},"end":{"line":32,"column":20}},{"start":{"line":33,"column":12},"end":{"line":34,"column":20}}],"line":28}},"s":{"0":2,"1":2,"2":2,"3":2,"4":2,"5":2,"6":2,"7":2,"8":2,"9":2,"10":1,"11":1,"12":1,"13":2,"14":2,"15":2},"f":{"0":2,"1":2,"2":2,"3":2},"b":{"0":[2,2],"1":[1,1,1]},"_coverageSchema":"332fd63041d2c1bcb487cc26dd0d5f7d97098a6c","hash":"ae067b1fb5b72b1d9a4eddc8c598f920227e9586"}
,"E:\\work\\2018\\mes_test\\src\\lib\\db.js": {"path":"E:\\work\\2018\\mes_test\\src\\lib\\db.js","statementMap":{"0":{"start":{"line":1,"column":18},"end":{"line":1,"column":36}},"1":{"start":{"line":8,"column":0},"end":{"line":11,"column":5}},"2":{"start":{"line":9,"column":2},"end":{"line":11,"column":4}}},"fnMap":{"0":{"name":"(anonymous_0)","decl":{"start":{"line":8,"column":38},"end":{"line":8,"column":39}},"loc":{"start":{"line":9,"column":2},"end":{"line":11,"column":4}},"line":9}},"branchMap":{},"s":{"0":1,"1":1,"2":1},"f":{"0":1},"b":{},"_coverageSchema":"332fd63041d2c1bcb487cc26dd0d5f7d97098a6c","hash":"1065f9b5a5408c99808abcdb6a2ca2c658011e1d"}
,"E:\\work\\2018\\mes_test\\src\\lib\\xml2js.js": {"path":"E:\\work\\2018\\mes_test\\src\\lib\\xml2js.js","statementMap":{"0":{"start":{"line":1,"column":20},"end":{"line":1,"column":49}},"1":{"start":{"line":2,"column":0},"end":{"line":11,"column":5}},"2":{"start":{"line":3,"column":2},"end":{"line":11,"column":4}},"3":{"start":{"line":4,"column":4},"end":{"line":10,"column":7}},"4":{"start":{"line":5,"column":6},"end":{"line":9,"column":7}},"5":{"start":{"line":6,"column":8},"end":{"line":6,"column":18}},"6":{"start":{"line":8,"column":8},"end":{"line":8,"column":21}}},"fnMap":{"0":{"name":"(anonymous_0)","decl":{"start":{"line":2,"column":24},"end":{"line":2,"column":25}},"loc":{"start":{"line":3,"column":2},"end":{"line":11,"column":4}},"line":3},"1":{"name":"(anonymous_1)","decl":{"start":{"line":3,"column":14},"end":{"line":3,"column":15}},"loc":{"start":{"line":3,"column":35},"end":{"line":11,"column":3}},"line":3},"2":{"name":"(anonymous_2)","decl":{"start":{"line":4,"column":29},"end":{"line":4,"column":30}},"loc":{"start":{"line":4,"column":46},"end":{"line":10,"column":5}},"line":4}},"branchMap":{"0":{"loc":{"start":{"line":2,"column":30},"end":{"line":2,"column":53}},"type":"default-arg","locations":[{"start":{"line":2,"column":39},"end":{"line":2,"column":53}}],"line":2},"1":{"loc":{"start":{"line":5,"column":6},"end":{"line":9,"column":7}},"type":"if","locations":[{"start":{"line":5,"column":6},"end":{"line":9,"column":7}},{"start":{"line":5,"column":6},"end":{"line":9,"column":7}}],"line":5}},"s":{"0":1,"1":1,"2":2,"3":2,"4":2,"5":1,"6":1},"f":{"0":2,"1":2,"2":2},"b":{"0":[2],"1":[1,1]},"_coverageSchema":"332fd63041d2c1bcb487cc26dd0d5f7d97098a6c","hash":"b0d36f57c62f95639041e221bb070510b43194b6"}
}
