TN:
SF:E:\work\2018\mes_test\src\index.js
FN:1,(anonymous_0)
FNF:1
FNH:1
FNDA:1,(anonymous_0)
DA:1,1
LF:1
LH:1
BRF:0
BRH:0
end_of_record
TN:
SF:E:\work\2018\mes_test\src\lib\axios.js
FN:8,(anonymous_0)
FN:16,(anonymous_1)
FN:26,(anonymous_2)
FN:40,(anonymous_3)
FNF:4
FNH:4
FNDA:2,(anonymous_0)
FNDA:2,(anonymous_1)
FNDA:2,(anonymous_2)
FNDA:2,(anonymous_3)
DA:2,2
DA:3,2
DA:5,2
DA:8,2
DA:9,2
DA:16,2
DA:17,2
DA:21,2
DA:27,2
DA:28,2
DA:31,1
DA:32,1
DA:34,1
DA:36,2
DA:40,2
DA:43,2
LF:16
LH:16
BRDA:18,0,0,2
BRDA:18,0,1,2
BRDA:28,1,0,1
BRDA:28,1,1,1
BRDA:28,1,2,1
BRF:5
BRH:5
end_of_record
TN:
SF:E:\work\2018\mes_test\src\lib\db.js
FN:8,(anonymous_0)
FNF:1
FNH:1
FNDA:1,(anonymous_0)
DA:1,1
DA:8,1
DA:9,1
LF:3
LH:3
BRF:0
BRH:0
end_of_record
TN:
SF:E:\work\2018\mes_test\src\lib\xml2js.js
FN:2,(anonymous_0)
FN:3,(anonymous_1)
FN:4,(anonymous_2)
FNF:3
FNH:3
FNDA:2,(anonymous_0)
FNDA:2,(anonymous_1)
FNDA:2,(anonymous_2)
DA:1,1
DA:2,1
DA:3,2
DA:4,2
DA:5,2
DA:6,1
DA:8,1
LF:7
LH:7
BRDA:2,0,0,2
BRDA:5,1,0,1
BRDA:5,1,1,1
BRF:3
BRH:3
end_of_record
