TN:
SF:E:\work\2018\mes_test\src\index.js
FN:1,(anonymous_0)
FNF:1
FNH:1
FNDA:1,(anonymous_0)
DA:1,1
LF:1
LH:1
BRF:0
BRH:0
end_of_record
TN:
SF:E:\work\2018\mes_test\src\lib\axios.js
FN:25,(anonymous_0)
FN:33,(anonymous_1)
FN:43,(anonymous_2)
FN:57,(anonymous_3)
FN:58,(anonymous_4)
FNF:5
FNH:5
FNDA:3,(anonymous_0)
FNDA:3,(anonymous_1)
FNDA:3,(anonymous_2)
FNDA:2,(anonymous_3)
FNDA:1,(anonymous_4)
DA:2,2
DA:3,2
DA:5,2
DA:7,2
DA:25,2
DA:26,3
DA:33,2
DA:34,3
DA:38,3
DA:44,3
DA:45,3
DA:48,1
DA:49,1
DA:51,2
DA:53,3
DA:57,2
DA:59,1
DA:60,1
DA:61,1
DA:69,2
LF:20
LH:20
BRDA:35,0,0,3
BRDA:35,0,1,3
BRDA:45,1,0,1
BRDA:45,1,1,1
BRDA:45,1,2,2
BRF:5
BRH:5
end_of_record
TN:
SF:E:\work\2018\mes_test\src\lib\db.js
FN:8,(anonymous_0)
FNF:1
FNH:1
FNDA:1,(anonymous_0)
DA:1,1
DA:8,1
DA:9,1
LF:3
LH:3
BRF:0
BRH:0
end_of_record
TN:
SF:E:\work\2018\mes_test\src\lib\xml2js.js
FN:2,(anonymous_0)
FN:3,(anonymous_1)
FN:4,(anonymous_2)
FNF:3
FNH:3
FNDA:2,(anonymous_0)
FNDA:2,(anonymous_1)
FNDA:2,(anonymous_2)
DA:1,1
DA:2,1
DA:3,2
DA:4,2
DA:5,2
DA:6,1
DA:8,1
LF:7
LH:7
BRDA:2,0,0,2
BRDA:5,1,0,1
BRDA:5,1,1,1
BRF:3
BRH:3
end_of_record
